<?xml version="1.0" encoding="UTF-8"?>
<testsuite xmlns:xsi="http://www.w3.org/2001/XMLSchema-instance" xsi:noNamespaceSchemaLocation="https://maven.apache.org/surefire/maven-surefire-plugin/xsd/surefire-test-report-3.0.xsd" version="3.0" name="com.latencylab.transport.OkHttpTransportLayerTest" time="1.96" tests="12" errors="0" skipped="0" failures="0">
  <properties>
[...]
</properties>
  <testcase name="deleteRequest_withBody_sendsBody" classname="com.latencylab.transport.OkHttpTransportLayerTest" time="0.881">
    <system-out><![CDATA[21:53:12.632 [main] DEBUG c.l.transport.OkHttpTransportLayer - Dispatching request step 'del-body': DELETE http://localhost:54767/del
21:53:12.742 [main] DEBUG c.l.transport.OkHttpTransportLayer - Completed request step 'del-body': status 200, latency 89383407ns
]]></system-out>
  </testcase>
  <testcase name="networkFailure_returnsStatusZero" classname="com.latencylab.transport.OkHttpTransportLayerTest" time="0.028">
    <system-out><![CDATA[21:53:12.792 [main] DEBUG c.l.transport.OkHttpTransportLayer - Dispatching request step 'fail': GET http://localhost:54769/fail
21:53:12.809 [main] DEBUG c.l.transport.OkHttpTransportLayer - Failed request step 'fail': Failed to connect to localhost/[0:0:0:0:0:0:0:1]:54769
]]></system-out>
  </testcase>
  <testcase name="nullBaseUrl_throwsIllegalArgumentException" classname="com.latencylab.transport.OkHttpTransportLayerTest" time="0.008"/>
  <testcase name="nullStep_throwsNullPointerException" classname="com.latencylab.transport.OkHttpTransportLayerTest" time="0.007"/>
  <testcase name="putRequest_withBody_sendsBody" classname="com.latencylab.transport.OkHttpTransportLayerTest" time="0.012">
    <system-out><![CDATA[21:53:12.842 [main] DEBUG c.l.transport.OkHttpTransportLayer - Dispatching request step 'put-test': PUT http://localhost:54774/put
21:53:12.847 [main] DEBUG c.l.transport.OkHttpTransportLayer - Completed request step 'put-test': status 200, latency 4401141ns
]]></system-out>
  </testcase>
  <testcase name="postRequest_nullBody_sendsEmptyBody" classname="com.latencylab.transport.OkHttpTransportLayerTest" time="0.029">
    <system-out><![CDATA[21:53:12.856 [main] DEBUG c.l.transport.OkHttpTransportLayer - Dispatching request step 'post-null': POST http://localhost:54776/null
21:53:12.873 [main] DEBUG c.l.transport.OkHttpTransportLayer - Completed request step 'post-null': status 200, latency 17233650ns
]]></system-out>
  </testcase>
  <testcase name="deleteRequest_noBody_sendsNoBody" classname="com.latencylab.transport.OkHttpTransportLayerTest" time="0.014">
    <system-out><![CDATA[21:53:12.887 [main] DEBUG c.l.transport.OkHttpTransportLayer - Dispatching request step 'del-no-body': DELETE http://localhost:54778/del
21:53:12.894 [main] DEBUG c.l.transport.OkHttpTransportLayer - Completed request step 'del-no-body': status 204, latency 6538102ns
]]></system-out>
  </testcase>
  <testcase name="getRequest_returnsStatusAndBody" classname="com.latencylab.transport.OkHttpTransportLayerTest" time="0.012">
    <system-out><![CDATA[21:53:12.906 [main] DEBUG c.l.transport.OkHttpTransportLayer - Dispatching request step 'get-test': GET http://localhost:54780/test
21:53:12.909 [main] DEBUG c.l.transport.OkHttpTransportLayer - Completed request step 'get-test': status 200, latency 3115487ns
]]></system-out>
  </testcase>
  <testcase name="postRequest_withBody_sendsBody" classname="com.latencylab.transport.OkHttpTransportLayerTest" time="0.011">
    <system-out><![CDATA[21:53:12.918 [main] DEBUG c.l.transport.OkHttpTransportLayer - Dispatching request step 'post-test': POST http://localhost:54782/post
21:53:12.924 [main] DEBUG c.l.transport.OkHttpTransportLayer - Completed request step 'post-test': status 201, latency 5292239ns
]]></system-out>
  </testcase>
  <testcase name="blankBaseUrl_throwsIllegalArgumentException" classname="com.latencylab.transport.OkHttpTransportLayerTest" time="0.008"/>
  <testcase name="executeAfterClose_throwsIllegalStateException" classname="com.latencylab.transport.OkHttpTransportLayerTest" time="0.006"/>
  <testcase name="patchRequest_withBody_sendsBody" classname="com.latencylab.transport.OkHttpTransportLayerTest" time="0.011">
    <system-out><![CDATA[21:53:12.951 [main] DEBUG c.l.transport.OkHttpTransportLayer - Dispatching request step 'patch-test': PATCH http://localhost:54786/patch
21:53:12.955 [main] DEBUG c.l.transport.OkHttpTransportLayer - Completed request step 'patch-test': status 200, latency 3326152ns
]]></system-out>
  </testcase>
</testsuite>