<?xml version="1.0" encoding="UTF-8"?>
<testsuite xmlns:xsi="http://www.w3.org/2001/XMLSchema-instance" xsi:noNamespaceSchemaLocation="https://maven.apache.org/surefire/maven-surefire-plugin/xsd/surefire-test-report-3.0.xsd" version="3.0" name="com.latencylab.transport.OkHttpTransportLayerTest" time="1.439" tests="12" errors="0" skipped="0" failures="0">
  <properties>
[...]
</properties>
  <testcase name="deleteRequest_withBody_sendsBody" classname="com.latencylab.transport.OkHttpTransportLayerTest" time="0.722">
    <system-out><![CDATA[19:34:50.055 [main] DEBUG c.l.transport.OkHttpTransportLayer - Dispatching request step 'del-body': DELETE http://localhost:52798/del
19:34:50.172 [main] DEBUG c.l.transport.OkHttpTransportLayer - Completed request step 'del-body': status 200, latency 97572130ns
]]></system-out>
  </testcase>
  <testcase name="networkFailure_returnsStatusZero" classname="com.latencylab.transport.OkHttpTransportLayerTest" time="0.032">
    <system-out><![CDATA[19:34:50.218 [main] DEBUG c.l.transport.OkHttpTransportLayer - Dispatching request step 'fail': GET http://localhost:52800/fail
19:34:50.233 [main] DEBUG c.l.transport.OkHttpTransportLayer - Failed request step 'fail': Failed to connect to localhost/[0:0:0:0:0:0:0:1]:52800
]]></system-out>
  </testcase>
  <testcase name="nullBaseUrl_throwsIllegalArgumentException" classname="com.latencylab.transport.OkHttpTransportLayerTest" time="0.007"/>
  <testcase name="nullStep_throwsNullPointerException" classname="com.latencylab.transport.OkHttpTransportLayerTest" time="0.005"/>
  <testcase name="putRequest_withBody_sendsBody" classname="com.latencylab.transport.OkHttpTransportLayerTest" time="0.015">
    <system-out><![CDATA[19:34:50.270 [main] DEBUG c.l.transport.OkHttpTransportLayer - Dispatching request step 'put-test': PUT http://localhost:52805/put
19:34:50.275 [main] DEBUG c.l.transport.OkHttpTransportLayer - Completed request step 'put-test': status 200, latency 3449159ns
]]></system-out>
  </testcase>
  <testcase name="postRequest_nullBody_sendsEmptyBody" classname="com.latencylab.transport.OkHttpTransportLayerTest" time="0.016">
    <system-out><![CDATA[19:34:50.288 [main] DEBUG c.l.transport.OkHttpTransportLayer - Dispatching request step 'post-null': POST http://localhost:52807/null
19:34:50.295 [main] DEBUG c.l.transport.OkHttpTransportLayer - Completed request step 'post-null': status 200, latency 7042313ns
]]></system-out>
  </testcase>
  <testcase name="deleteRequest_noBody_sendsNoBody" classname="com.latencylab.transport.OkHttpTransportLayerTest" time="0.016">
    <system-out><![CDATA[19:34:50.308 [main] DEBUG c.l.transport.OkHttpTransportLayer - Dispatching request step 'del-no-body': DELETE http://localhost:52809/del
19:34:50.315 [main] DEBUG c.l.transport.OkHttpTransportLayer - Completed request step 'del-no-body': status 204, latency 5851108ns
]]></system-out>
  </testcase>
  <testcase name="getRequest_returnsStatusAndBody" classname="com.latencylab.transport.OkHttpTransportLayerTest" time="0.016">
    <system-out><![CDATA[19:34:50.328 [main] DEBUG c.l.transport.OkHttpTransportLayer - Dispatching request step 'get-test': GET http://localhost:52811/test
19:34:50.333 [main] DEBUG c.l.transport.OkHttpTransportLayer - Completed request step 'get-test': status 200, latency 3660233ns
]]></system-out>
  </testcase>
  <testcase name="postRequest_withBody_sendsBody" classname="com.latencylab.transport.OkHttpTransportLayerTest" time="0.013">
    <system-out><![CDATA[19:34:50.350 [main] DEBUG c.l.transport.OkHttpTransportLayer - Dispatching request step 'post-test': POST http://localhost:52813/post
19:34:50.353 [main] DEBUG c.l.transport.OkHttpTransportLayer - Completed request step 'post-test': status 201, latency 2950841ns
]]></system-out>
  </testcase>
  <testcase name="blankBaseUrl_throwsIllegalArgumentException" classname="com.latencylab.transport.OkHttpTransportLayerTest" time="0.007"/>
  <testcase name="executeAfterClose_throwsIllegalStateException" classname="com.latencylab.transport.OkHttpTransportLayerTest" time="0.018"/>
  <testcase name="patchRequest_withBody_sendsBody" classname="com.latencylab.transport.OkHttpTransportLayerTest" time="0.021">
    <system-out><![CDATA[19:34:50.400 [main] DEBUG c.l.transport.OkHttpTransportLayer - Dispatching request step 'patch-test': PATCH http://localhost:52817/patch
19:34:50.403 [main] DEBUG c.l.transport.OkHttpTransportLayer - Completed request step 'patch-test': status 200, latency 3194182ns
]]></system-out>
  </testcase>
</testsuite>