<?xml version="1.0" encoding="UTF-8"?>
<testsuite xmlns:xsi="http://www.w3.org/2001/XMLSchema-instance" xsi:noNamespaceSchemaLocation="https://maven.apache.org/surefire/maven-surefire-plugin/xsd/surefire-test-report-3.0.xsd" version="3.0" name="com.latencylab.transport.OkHttpTransportLayerPropertyTest" time="3.208" tests="7" errors="0" skipped="0" failures="2">
  <properties>
[...]
</properties>
  <testcase name="property closeIdempotent" classname="com.latencylab.transport.OkHttpTransportLayerPropertyTest" time="0.911">
    <system-out><![CDATA[timestamp = 2026-05-11T21:53:16.540942, OkHttpTransportLayerPropertyTest:property closeIdempotent = 
                              |-----------------------jqwik-----------------------
tries = 9                     | # of calls to property
checks = 9                    | # of not rejected calls
generation = EXHAUSTIVE       | parameters are exhaustively generated
after-failure = SAMPLE_FIRST  | try previously failed sample, then previous seed
when-fixed-seed = ALLOW       | fixing the random seed is allowed
edge-cases#mode = MIXIN       | edge cases are mixed in
edge-cases#total = 0          | # of all combined edge cases
edge-cases#tried = 0          | # of edge cases tried in current run
seed = -1864931972037236205   | random seed to reproduce generated values


]]></system-out>
  </testcase>
  <testcase name="property bodyRoundTrip" classname="com.latencylab.transport.OkHttpTransportLayerPropertyTest" time="1.067">
    <system-out><![CDATA[21:53:16.723 [main] DEBUG c.l.transport.OkHttpTransportLayer - Dispatching request step 'prop-body': PATCH http://localhost:54798/test
21:53:16.728 [main] DEBUG c.l.transport.OkHttpTransportLayer - Failed request step 'prop-body': timeout
21:53:16.733 [main] DEBUG c.l.transport.OkHttpTransportLayer - Dispatching request step 'prop-body': PUT http://localhost:54800/test
21:53:16.737 [main] DEBUG c.l.transport.OkHttpTransportLayer - Failed request step 'prop-body': timeout
21:53:16.740 [main] DEBUG c.l.transport.OkHttpTransportLayer - Dispatching request step 'prop-body': PUT http://localhost:54802/test
21:53:16.744 [main] DEBUG c.l.transport.OkHttpTransportLayer - Failed request step 'prop-body': timeout
21:53:16.749 [main] DEBUG c.l.transport.OkHttpTransportLayer - Dispatching request step 'prop-body': PUT http://localhost:54804/test
21:53:16.752 [main] DEBUG c.l.transport.OkHttpTransportLayer - Failed request step 'prop-body': timeout
21:53:16.756 [main] DEBUG c.l.transport.OkHttpTransportLayer - Dispatching request step 'prop-body': PUT http://localhost:54806/test
21:53:16.760 [main] DEBUG c.l.transport.OkHttpTransportLayer - Failed request step 'prop-body': timeout
21:53:16.764 [main] DEBUG c.l.transport.OkHttpTransportLayer - Dispatching request step 'prop-body': POST http://localhost:54808/test
21:53:16.768 [main] DEBUG c.l.transport.OkHttpTransportLayer - Failed request step 'prop-body': timeout
21:53:16.771 [main] DEBUG c.l.transport.OkHttpTransportLayer - Dispatching request step 'prop-body': POST http://localhost:54810/test
21:53:16.775 [main] DEBUG c.l.transport.OkHttpTransportLayer - Failed request step 'prop-body': Read timed out
21:53:16.778 [main] DEBUG c.l.transport.OkHttpTransportLayer - Dispatching request step 'prop-body': PATCH http://localhost:54812/test
21:53:16.782 [main] DEBUG c.l.transport.OkHttpTransportLayer - Failed request step 'prop-body': timeout
21:53:16.788 [main] DEBUG c.l.transport.OkHttpTransportLayer - Dispatching request step 'prop-body': PATCH http://localhost:54814/test
21:53:16.792 [main] DEBUG c.l.transport.OkHttpTransportLayer - Completed request step 'prop-body': status 200, latency 2960213ns
21:53:16.795 [main] DEBUG c.l.transport.OkHttpTransportLayer - Dispatching request step 'prop-body': POST http://localhost:54816/test
21:53:16.799 [main] DEBUG c.l.transport.OkHttpTransportLayer - Failed request step 'prop-body': timeout
21:53:16.802 [main] DEBUG c.l.transport.OkHttpTransportLayer - Dispatching request step 'prop-body': PUT http://localhost:54818/test
21:53:16.805 [main] DEBUG c.l.transport.OkHttpTransportLayer - Completed request step 'prop-body': status 200, latency 2835898ns
21:53:16.809 [main] DEBUG c.l.transport.OkHttpTransportLayer - Dispatching request step 'prop-body': POST http://localhost:54820/test
21:53:16.813 [main] DEBUG c.l.transport.OkHttpTransportLayer - Failed request step 'prop-body': timeout
21:53:16.817 [main] DEBUG c.l.transport.OkHttpTransportLayer - Dispatching request step 'prop-body': PUT http://localhost:54822/test
21:53:16.823 [main] DEBUG c.l.transport.OkHttpTransportLayer - Failed request step 'prop-body': timeout
21:53:16.826 [main] DEBUG c.l.transport.OkHttpTransportLayer - Dispatching request step 'prop-body': PATCH http://localhost:54824/test
21:53:16.832 [main] DEBUG c.l.transport.OkHttpTransportLayer - Completed request step 'prop-body': status 200, latency 5206323ns
21:53:16.837 [main] DEBUG c.l.transport.OkHttpTransportLayer - Dispatching request step 'prop-body': POST http://localhost:54826/test
21:53:16.842 [main] DEBUG c.l.transport.OkHttpTransportLayer - Completed request step 'prop-body': status 200, latency 3295675ns
21:53:16.845 [main] DEBUG c.l.transport.OkHttpTransportLayer - Dispatching request step 'prop-body': PATCH http://localhost:54828/test
21:53:16.849 [main] DEBUG c.l.transport.OkHttpTransportLayer - Completed request step 'prop-body': status 200, latency 3432713ns
21:53:16.853 [main] DEBUG c.l.transport.OkHttpTransportLayer - Dispatching request step 'prop-body': PUT http://localhost:54830/test
21:53:16.856 [main] DEBUG c.l.transport.OkHttpTransportLayer - Completed request step 'prop-body': status 200, latency 3273994ns
21:53:16.864 [main] DEBUG c.l.transport.OkHttpTransportLayer - Dispatching request step 'prop-body': POST http://localhost:54832/test
21:53:16.872 [main] DEBUG c.l.transport.OkHttpTransportLayer - Failed request step 'prop-body': timeout
21:53:16.876 [main] DEBUG c.l.transport.OkHttpTransportLayer - Dispatching request step 'prop-body': POST http://localhost:54834/test
21:53:16.884 [main] DEBUG c.l.transport.OkHttpTransportLayer - Failed request step 'prop-body': timeout
21:53:16.888 [main] DEBUG c.l.transport.OkHttpTransportLayer - Dispatching request step 'prop-body': PATCH http://localhost:54836/test
21:53:16.892 [main] DEBUG c.l.transport.OkHttpTransportLayer - Completed request step 'prop-body': status 200, latency 3299912ns
21:53:16.900 [main] DEBUG c.l.transport.OkHttpTransportLayer - Dispatching request step 'prop-body': PUT http://localhost:54838/test
21:53:16.911 [main] DEBUG c.l.transport.OkHttpTransportLayer - Failed request step 'prop-body': timeout
21:53:16.919 [main] DEBUG c.l.transport.OkHttpTransportLayer - Dispatching request step 'prop-body': POST http://localhost:54840/test
21:53:16.925 [main] DEBUG c.l.transport.OkHttpTransportLayer - Failed request step 'prop-body': timeout
21:53:16.936 [main] DEBUG c.l.transport.OkHttpTransportLayer - Dispatching request step 'prop-body': PATCH http://localhost:54842/test
21:53:16.953 [main] DEBUG c.l.transport.OkHttpTransportLayer - Failed request step 'prop-body': timeout
21:53:16.964 [main] DEBUG c.l.transport.OkHttpTransportLayer - Dispatching request step 'prop-body': PATCH http://localhost:54844/test
21:53:16.968 [main] DEBUG c.l.transport.OkHttpTransportLayer - Failed request step 'prop-body': timeout
21:53:16.979 [main] DEBUG c.l.transport.OkHttpTransportLayer - Dispatching request step 'prop-body': PUT http://localhost:54846/test
21:53:16.993 [main] DEBUG c.l.transport.OkHttpTransportLayer - Failed request step 'prop-body': timeout
21:53:16.997 [main] DEBUG c.l.transport.OkHttpTransportLayer - Dispatching request step 'prop-body': PUT http://localhost:54848/test
21:53:17.003 [main] DEBUG c.l.transport.OkHttpTransportLayer - Failed request step 'prop-body': timeout
21:53:17.006 [main] DEBUG c.l.transport.OkHttpTransportLayer - Dispatching request step 'prop-body': POST http://localhost:54850/test
21:53:17.010 [main] DEBUG c.l.transport.OkHttpTransportLayer - Failed request step 'prop-body': timeout
21:53:17.015 [main] DEBUG c.l.transport.OkHttpTransportLayer - Dispatching request step 'prop-body': POST http://localhost:54852/test
21:53:17.020 [main] DEBUG c.l.transport.OkHttpTransportLayer - Failed request step 'prop-body': timeout
21:53:17.023 [main] DEBUG c.l.transport.OkHttpTransportLayer - Dispatching request step 'prop-body': PATCH http://localhost:54854/test
21:53:17.029 [main] DEBUG c.l.transport.OkHttpTransportLayer - Completed request step 'prop-body': status 200, latency 6229345ns
21:53:17.036 [main] DEBUG c.l.transport.OkHttpTransportLayer - Dispatching request step 'prop-body': POST http://localhost:54856/test
21:53:17.040 [main] DEBUG c.l.transport.OkHttpTransportLayer - Completed request step 'prop-body': status 200, latency 3842001ns
21:53:17.045 [main] DEBUG c.l.transport.OkHttpTransportLayer - Dispatching request step 'prop-body': PATCH http://localhost:54858/test
21:53:17.048 [main] DEBUG c.l.transport.OkHttpTransportLayer - Failed request step 'prop-body': timeout
21:53:17.051 [main] DEBUG c.l.transport.OkHttpTransportLayer - Dispatching request step 'prop-body': POST http://localhost:54860/test
21:53:17.055 [main] DEBUG c.l.transport.OkHttpTransportLayer - Failed request step 'prop-body': timeout
21:53:17.059 [main] DEBUG c.l.transport.OkHttpTransportLayer - Dispatching request step 'prop-body': PUT http://localhost:54862/test
21:53:17.063 [main] DEBUG c.l.transport.OkHttpTransportLayer - Failed request step 'prop-body': timeout
21:53:17.066 [main] DEBUG c.l.transport.OkHttpTransportLayer - Dispatching request step 'prop-body': PATCH http://localhost:54864/test
21:53:17.071 [main] DEBUG c.l.transport.OkHttpTransportLayer - Failed request step 'prop-body': timeout
21:53:17.074 [main] DEBUG c.l.transport.OkHttpTransportLayer - Dispatching request step 'prop-body': PUT http://localhost:54866/test
21:53:17.078 [main] DEBUG c.l.transport.OkHttpTransportLayer - Failed request step 'prop-body': timeout
21:53:17.082 [main] DEBUG c.l.transport.OkHttpTransportLayer - Dispatching request step 'prop-body': PUT http://localhost:54868/test
21:53:17.085 [main] DEBUG c.l.transport.OkHttpTransportLayer - Failed request step 'prop-body': timeout
21:53:17.092 [main] DEBUG c.l.transport.OkHttpTransportLayer - Dispatching request step 'prop-body': POST http://localhost:54870/test
21:53:17.095 [main] DEBUG c.l.transport.OkHttpTransportLayer - Failed request step 'prop-body': timeout
21:53:17.099 [main] DEBUG c.l.transport.OkHttpTransportLayer - Dispatching request step 'prop-body': POST http://localhost:54872/test
21:53:17.102 [main] DEBUG c.l.transport.OkHttpTransportLayer - Completed request step 'prop-body': status 200, latency 3190307ns
21:53:17.105 [main] DEBUG c.l.transport.OkHttpTransportLayer - Dispatching request step 'prop-body': POST http://localhost:54874/test
21:53:17.108 [main] DEBUG c.l.transport.OkHttpTransportLayer - Completed request step 'prop-body': status 200, latency 2692976ns
21:53:17.112 [main] DEBUG c.l.transport.OkHttpTransportLayer - Dispatching request step 'prop-body': POST http://localhost:54876/test
21:53:17.115 [main] DEBUG c.l.transport.OkHttpTransportLayer - Completed request step 'prop-body': status 200, latency 3258317ns
21:53:17.120 [main] DEBUG c.l.transport.OkHttpTransportLayer - Dispatching request step 'prop-body': PUT http://localhost:54878/test
21:53:17.123 [main] DEBUG c.l.transport.OkHttpTransportLayer - Failed request step 'prop-body': timeout
21:53:17.126 [main] DEBUG c.l.transport.OkHttpTransportLayer - Dispatching request step 'prop-body': PATCH http://localhost:54880/test
21:53:17.129 [main] DEBUG c.l.transport.OkHttpTransportLayer - Failed request step 'prop-body': timeout
21:53:17.133 [main] DEBUG c.l.transport.OkHttpTransportLayer - Dispatching request step 'prop-body': POST http://localhost:54882/test
21:53:17.136 [main] DEBUG c.l.transport.OkHttpTransportLayer - Completed request step 'prop-body': status 200, latency 2870155ns
21:53:17.140 [main] DEBUG c.l.transport.OkHttpTransportLayer - Dispatching request step 'prop-body': PUT http://localhost:54884/test
21:53:17.144 [main] DEBUG c.l.transport.OkHttpTransportLayer - Completed request step 'prop-body': status 200, latency 2954565ns
21:53:17.148 [main] DEBUG c.l.transport.OkHttpTransportLayer - Dispatching request step 'prop-body': PUT http://localhost:54886/test
21:53:17.153 [main] DEBUG c.l.transport.OkHttpTransportLayer - Completed request step 'prop-body': status 200, latency 4428009ns
21:53:17.160 [main] DEBUG c.l.transport.OkHttpTransportLayer - Dispatching request step 'prop-body': PUT http://localhost:54888/test
21:53:17.164 [main] DEBUG c.l.transport.OkHttpTransportLayer - Failed request step 'prop-body': timeout
21:53:17.169 [main] DEBUG c.l.transport.OkHttpTransportLayer - Dispatching request step 'prop-body': PATCH http://localhost:54890/test
21:53:17.173 [main] DEBUG c.l.transport.OkHttpTransportLayer - Failed request step 'prop-body': timeout
21:53:17.176 [main] DEBUG c.l.transport.OkHttpTransportLayer - Dispatching request step 'prop-body': PUT http://localhost:54892/test
21:53:17.180 [main] DEBUG c.l.transport.OkHttpTransportLayer - Failed request step 'prop-body': timeout
21:53:17.183 [main] DEBUG c.l.transport.OkHttpTransportLayer - Dispatching request step 'prop-body': PATCH http://localhost:54894/test
21:53:17.188 [main] DEBUG c.l.transport.OkHttpTransportLayer - Failed request step 'prop-body': timeout
21:53:17.192 [main] DEBUG c.l.transport.OkHttpTransportLayer - Dispatching request step 'prop-body': PUT http://localhost:54896/test
21:53:17.196 [main] DEBUG c.l.transport.OkHttpTransportLayer - Failed request step 'prop-body': timeout
21:53:17.202 [main] DEBUG c.l.transport.OkHttpTransportLayer - Dispatching request step 'prop-body': POST http://localhost:54898/test
21:53:17.205 [main] DEBUG c.l.transport.OkHttpTransportLayer - Failed request step 'prop-body': timeout
21:53:17.208 [main] DEBUG c.l.transport.OkHttpTransportLayer - Dispatching request step 'prop-body': PATCH http://localhost:54900/test
21:53:17.211 [main] DEBUG c.l.transport.OkHttpTransportLayer - Failed request step 'prop-body': timeout
21:53:17.217 [main] DEBUG c.l.transport.OkHttpTransportLayer - Dispatching request step 'prop-body': PATCH http://localhost:54902/test
21:53:17.221 [main] DEBUG c.l.transport.OkHttpTransportLayer - Failed request step 'prop-body': timeout
21:53:17.224 [main] DEBUG c.l.transport.OkHttpTransportLayer - Dispatching request step 'prop-body': POST http://localhost:54904/test
21:53:17.227 [main] DEBUG c.l.transport.OkHttpTransportLayer - Completed request step 'prop-body': status 200, latency 2492424ns
21:53:17.235 [main] DEBUG c.l.transport.OkHttpTransportLayer - Dispatching request step 'prop-body': PUT http://localhost:54906/test
21:53:17.238 [main] DEBUG c.l.transport.OkHttpTransportLayer - Failed request step 'prop-body': timeout
21:53:17.240 [main] DEBUG c.l.transport.OkHttpTransportLayer - Dispatching request step 'prop-body': PATCH http://localhost:54908/test
21:53:17.246 [main] DEBUG c.l.transport.OkHttpTransportLayer - Failed request step 'prop-body': timeout
21:53:17.253 [main] DEBUG c.l.transport.OkHttpTransportLayer - Dispatching request step 'prop-body': POST http://localhost:54910/test
21:53:17.259 [main] DEBUG c.l.transport.OkHttpTransportLayer - Failed request step 'prop-body': timeout
21:53:17.274 [main] DEBUG c.l.transport.OkHttpTransportLayer - Dispatching request step 'prop-body': PUT http://localhost:54912/test
21:53:17.281 [main] DEBUG c.l.transport.OkHttpTransportLayer - Failed request step 'prop-body': timeout
21:53:17.291 [main] DEBUG c.l.transport.OkHttpTransportLayer - Dispatching request step 'prop-body': POST http://localhost:54914/test
21:53:17.295 [main] DEBUG c.l.transport.OkHttpTransportLayer - Failed request step 'prop-body': timeout
21:53:17.299 [main] DEBUG c.l.transport.OkHttpTransportLayer - Dispatching request step 'prop-body': POST http://localhost:54916/test
21:53:17.302 [main] DEBUG c.l.transport.OkHttpTransportLayer - Completed request step 'prop-body': status 200, latency 2743171ns
21:53:17.308 [main] DEBUG c.l.transport.OkHttpTransportLayer - Dispatching request step 'prop-body': PUT http://localhost:54918/test
21:53:17.311 [main] DEBUG c.l.transport.OkHttpTransportLayer - Failed request step 'prop-body': Read timed out
21:53:17.313 [main] DEBUG c.l.transport.OkHttpTransportLayer - Dispatching request step 'prop-body': PATCH http://localhost:54920/test
21:53:17.316 [main] DEBUG c.l.transport.OkHttpTransportLayer - Completed request step 'prop-body': status 200, latency 2998768ns
21:53:17.322 [main] DEBUG c.l.transport.OkHttpTransportLayer - Dispatching request step 'prop-body': POST http://localhost:54922/test
21:53:17.325 [main] DEBUG c.l.transport.OkHttpTransportLayer - Failed request step 'prop-body': timeout
21:53:17.331 [main] DEBUG c.l.transport.OkHttpTransportLayer - Dispatching request step 'prop-body': POST http://localhost:54924/test
21:53:17.334 [main] DEBUG c.l.transport.OkHttpTransportLayer - Failed request step 'prop-body': timeout
21:53:17.338 [main] DEBUG c.l.transport.OkHttpTransportLayer - Dispatching request step 'prop-body': PUT http://localhost:54926/test
21:53:17.341 [main] DEBUG c.l.transport.OkHttpTransportLayer - Failed request step 'prop-body': timeout
21:53:17.345 [main] DEBUG c.l.transport.OkHttpTransportLayer - Dispatching request step 'prop-body': PUT http://localhost:54928/test
21:53:17.349 [main] DEBUG c.l.transport.OkHttpTransportLayer - Failed request step 'prop-body': Read timed out
21:53:17.353 [main] DEBUG c.l.transport.OkHttpTransportLayer - Dispatching request step 'prop-body': POST http://localhost:54930/test
21:53:17.356 [main] DEBUG c.l.transport.OkHttpTransportLayer - Failed request step 'prop-body': timeout
21:53:17.359 [main] DEBUG c.l.transport.OkHttpTransportLayer - Dispatching request step 'prop-body': PUT http://localhost:54932/test
21:53:17.363 [main] DEBUG c.l.transport.OkHttpTransportLayer - Failed request step 'prop-body': timeout
21:53:17.365 [main] DEBUG c.l.transport.OkHttpTransportLayer - Dispatching request step 'prop-body': POST http://localhost:54934/test
21:53:17.368 [main] DEBUG c.l.transport.OkHttpTransportLayer - Failed request step 'prop-body': timeout
21:53:17.373 [main] DEBUG c.l.transport.OkHttpTransportLayer - Dispatching request step 'prop-body': PUT http://localhost:54936/test
21:53:17.376 [main] DEBUG c.l.transport.OkHttpTransportLayer - Failed request step 'prop-body': timeout
21:53:17.378 [main] DEBUG c.l.transport.OkHttpTransportLayer - Dispatching request step 'prop-body': POST http://localhost:54938/test
21:53:17.382 [main] DEBUG c.l.transport.OkHttpTransportLayer - Failed request step 'prop-body': timeout
21:53:17.385 [main] DEBUG c.l.transport.OkHttpTransportLayer - Dispatching request step 'prop-body': POST http://localhost:54940/test
21:53:17.388 [main] DEBUG c.l.transport.OkHttpTransportLayer - Failed request step 'prop-body': timeout
21:53:17.391 [main] DEBUG c.l.transport.OkHttpTransportLayer - Dispatching request step 'prop-body': PUT http://localhost:54942/test
21:53:17.396 [main] DEBUG c.l.transport.OkHttpTransportLayer - Failed request step 'prop-body': timeout
21:53:17.399 [main] DEBUG c.l.transport.OkHttpTransportLayer - Dispatching request step 'prop-body': PATCH http://localhost:54944/test
21:53:17.402 [main] DEBUG c.l.transport.OkHttpTransportLayer - Failed request step 'prop-body': timeout
21:53:17.409 [main] DEBUG c.l.transport.OkHttpTransportLayer - Dispatching request step 'prop-body': PATCH http://localhost:54946/test
21:53:17.412 [main] DEBUG c.l.transport.OkHttpTransportLayer - Completed request step 'prop-body': status 200, latency 2462262ns
21:53:17.415 [main] DEBUG c.l.transport.OkHttpTransportLayer - Dispatching request step 'prop-body': PATCH http://localhost:54948/test
21:53:17.418 [main] DEBUG c.l.transport.OkHttpTransportLayer - Completed request step 'prop-body': status 200, latency 2162962ns
21:53:17.421 [main] DEBUG c.l.transport.OkHttpTransportLayer - Dispatching request step 'prop-body': PATCH http://localhost:54950/test
21:53:17.425 [main] DEBUG c.l.transport.OkHttpTransportLayer - Failed request step 'prop-body': timeout
21:53:17.427 [main] DEBUG c.l.transport.OkHttpTransportLayer - Dispatching request step 'prop-body': POST http://localhost:54952/test
21:53:17.431 [main] DEBUG c.l.transport.OkHttpTransportLayer - Failed request step 'prop-body': timeout
21:53:17.434 [main] DEBUG c.l.transport.OkHttpTransportLayer - Dispatching request step 'prop-body': PATCH http://localhost:54954/test
21:53:17.437 [main] DEBUG c.l.transport.OkHttpTransportLayer - Failed request step 'prop-body': timeout
21:53:17.442 [main] DEBUG c.l.transport.OkHttpTransportLayer - Dispatching request step 'prop-body': POST http://localhost:54956/test
21:53:17.446 [main] DEBUG c.l.transport.OkHttpTransportLayer - Failed request step 'prop-body': timeout
21:53:17.452 [main] DEBUG c.l.transport.OkHttpTransportLayer - Dispatching request step 'prop-body': POST http://localhost:54958/test
21:53:17.457 [main] DEBUG c.l.transport.OkHttpTransportLayer - Failed request step 'prop-body': timeout
21:53:17.460 [main] DEBUG c.l.transport.OkHttpTransportLayer - Dispatching request step 'prop-body': POST http://localhost:54960/test
21:53:17.464 [main] DEBUG c.l.transport.OkHttpTransportLayer - Failed request step 'prop-body': timeout
21:53:17.467 [main] DEBUG c.l.transport.OkHttpTransportLayer - Dispatching request step 'prop-body': PATCH http://localhost:54962/test
21:53:17.471 [main] DEBUG c.l.transport.OkHttpTransportLayer - Failed request step 'prop-body': timeout
21:53:17.473 [main] DEBUG c.l.transport.OkHttpTransportLayer - Dispatching request step 'prop-body': POST http://localhost:54964/test
21:53:17.476 [main] DEBUG c.l.transport.OkHttpTransportLayer - Failed request step 'prop-body': Read timed out
21:53:17.480 [main] DEBUG c.l.transport.OkHttpTransportLayer - Dispatching request step 'prop-body': PATCH http://localhost:54966/test
21:53:17.484 [main] DEBUG c.l.transport.OkHttpTransportLayer - Failed request step 'prop-body': Read timed out
21:53:17.488 [main] DEBUG c.l.transport.OkHttpTransportLayer - Dispatching request step 'prop-body': POST http://localhost:54968/test
21:53:17.491 [main] DEBUG c.l.transport.OkHttpTransportLayer - Failed request step 'prop-body': timeout
21:53:17.494 [main] DEBUG c.l.transport.OkHttpTransportLayer - Dispatching request step 'prop-body': PUT http://localhost:54970/test
21:53:17.503 [main] DEBUG c.l.transport.OkHttpTransportLayer - Completed request step 'prop-body': status 200, latency 8864573ns
21:53:17.506 [main] DEBUG c.l.transport.OkHttpTransportLayer - Dispatching request step 'prop-body': POST http://localhost:54972/test
21:53:17.509 [main] DEBUG c.l.transport.OkHttpTransportLayer - Completed request step 'prop-body': status 200, latency 2900826ns
21:53:17.512 [main] DEBUG c.l.transport.OkHttpTransportLayer - Dispatching request step 'prop-body': PATCH http://localhost:54974/test
21:53:17.518 [main] DEBUG c.l.transport.OkHttpTransportLayer - Failed request step 'prop-body': timeout
21:53:17.521 [main] DEBUG c.l.transport.OkHttpTransportLayer - Dispatching request step 'prop-body': POST http://localhost:54976/test
21:53:17.524 [main] DEBUG c.l.transport.OkHttpTransportLayer - Completed request step 'prop-body': status 200, latency 2689374ns
21:53:17.528 [main] DEBUG c.l.transport.OkHttpTransportLayer - Dispatching request step 'prop-body': POST http://localhost:54978/test
21:53:17.539 [main] DEBUG c.l.transport.OkHttpTransportLayer - Completed request step 'prop-body': status 200, latency 10890556ns
21:53:17.545 [main] DEBUG c.l.transport.OkHttpTransportLayer - Dispatching request step 'prop-body': PUT http://localhost:54980/test
21:53:17.554 [main] DEBUG c.l.transport.OkHttpTransportLayer - Completed request step 'prop-body': status 200, latency 8299210ns
21:53:17.560 [main] DEBUG c.l.transport.OkHttpTransportLayer - Dispatching request step 'prop-body': POST http://localhost:54982/test
21:53:17.568 [main] DEBUG c.l.transport.OkHttpTransportLayer - Failed request step 'prop-body': timeout
21:53:17.571 [main] DEBUG c.l.transport.OkHttpTransportLayer - Dispatching request step 'prop-body': POST http://localhost:54984/test
21:53:17.575 [main] DEBUG c.l.transport.OkHttpTransportLayer - Completed request step 'prop-body': status 200, latency 2631165ns
21:53:17.577 [main] DEBUG c.l.transport.OkHttpTransportLayer - Dispatching request step 'prop-body': PATCH http://localhost:54986/test
21:53:17.580 [main] DEBUG c.l.transport.OkHttpTransportLayer - Completed request step 'prop-body': status 200, latency 2139972ns
21:53:17.582 [main] DEBUG c.l.transport.OkHttpTransportLayer - Dispatching request step 'prop-body': PATCH http://localhost:54988/test
21:53:17.586 [main] DEBUG c.l.transport.OkHttpTransportLayer - Failed request step 'prop-body': timeout
21:53:17.590 [main] DEBUG c.l.transport.OkHttpTransportLayer - Dispatching request step 'prop-body': PATCH http://localhost:54991/test
21:53:17.593 [main] DEBUG c.l.transport.OkHttpTransportLayer - Completed request step 'prop-body': status 200, latency 2521941ns
21:53:17.595 [main] DEBUG c.l.transport.OkHttpTransportLayer - Dispatching request step 'prop-body': PUT http://localhost:54993/test
21:53:17.598 [main] DEBUG c.l.transport.OkHttpTransportLayer - Completed request step 'prop-body': status 200, latency 2595294ns
21:53:17.601 [main] DEBUG c.l.transport.OkHttpTransportLayer - Dispatching request step 'prop-body': PATCH http://localhost:54995/test
21:53:17.604 [main] DEBUG c.l.transport.OkHttpTransportLayer - Failed request step 'prop-body': timeout
21:53:17.607 [main] DEBUG c.l.transport.OkHttpTransportLayer - Dispatching request step 'prop-body': POST http://localhost:54997/test
21:53:17.610 [main] DEBUG c.l.transport.OkHttpTransportLayer - Completed request step 'prop-body': status 200, latency 2350867ns
timestamp = 2026-05-11T21:53:17.613547, OkHttpTransportLayerPropertyTest:property bodyRoundTrip = 
                              |-----------------------jqwik-----------------------
tries = 100                   | # of calls to property
checks = 100                  | # of not rejected calls
generation = RANDOMIZED       | parameters are randomly generated
after-failure = SAMPLE_FIRST  | try previously failed sample, then previous seed
when-fixed-seed = ALLOW       | fixing the random seed is allowed
edge-cases#mode = MIXIN       | edge cases are mixed in
edge-cases#total = 4          | # of all combined edge cases
edge-cases#tried = 4          | # of edge cases tried in current run
seed = 6835962350459983760    | random seed to reproduce generated values


]]></system-out>
  </testcase>
  <testcase name="property urlConstructionProducesSingleSlash" classname="com.latencylab.transport.OkHttpTransportLayerPropertyTest" time="0.177">
    <system-out><![CDATA[timestamp = 2026-05-11T21:53:17.792078, OkHttpTransportLayerPropertyTest:property urlConstructionProducesSingleSlash = 
                              |-----------------------jqwik-----------------------
tries = 100                   | # of calls to property
checks = 100                  | # of not rejected calls
generation = RANDOMIZED       | parameters are randomly generated
after-failure = SAMPLE_FIRST  | try previously failed sample, then previous seed
when-fixed-seed = ALLOW       | fixing the random seed is allowed
edge-cases#mode = MIXIN       | edge cases are mixed in
edge-cases#total = 24         | # of all combined edge cases
edge-cases#tried = 14         | # of edge cases tried in current run
seed = -2819571397660386296   | random seed to reproduce generated values


]]></system-out>
  </testcase>
  <testcase name="property blankBaseUrlThrows" classname="com.latencylab.transport.OkHttpTransportLayerPropertyTest" time="0.034">
    <system-out><![CDATA[timestamp = 2026-05-11T21:53:17.827804, OkHttpTransportLayerPropertyTest:property blankBaseUrlThrows = 
                              |-----------------------jqwik-----------------------
tries = 100                   | # of calls to property
checks = 100                  | # of not rejected calls
generation = RANDOMIZED       | parameters are randomly generated
after-failure = SAMPLE_FIRST  | try previously failed sample, then previous seed
when-fixed-seed = ALLOW       | fixing the random seed is allowed
edge-cases#mode = MIXIN       | edge cases are mixed in
edge-cases#total = 2          | # of all combined edge cases
edge-cases#tried = 2          | # of edge cases tried in current run
seed = 2011131948777231780    | random seed to reproduce generated values


]]></system-out>
  </testcase>
  <testcase name="property headerForwarding" classname="com.latencylab.transport.OkHttpTransportLayerPropertyTest" time="0.876">
    <failure message="expected: &lt;A&gt; but was: &lt;B&gt;" type="org.opentest4j.AssertionFailedError"><![CDATA[org.opentest4j.AssertionFailedError: expected: <A> but was: <B>
	at org.junit.jupiter.api.AssertionFailureBuilder.build(AssertionFailureBuilder.java:151)
	at org.junit.jupiter.api.AssertionFailureBuilder.buildAndThrow(AssertionFailureBuilder.java:132)
	at org.junit.jupiter.api.AssertEquals.failNotEqual(AssertEquals.java:197)
	at org.junit.jupiter.api.AssertEquals.assertEquals(AssertEquals.java:182)
	at org.junit.jupiter.api.AssertEquals.assertEquals(AssertEquals.java:177)
	at org.junit.jupiter.api.Assertions.assertEquals(Assertions.java:1145)
	at com.latencylab.transport.OkHttpTransportLayerPropertyTest.property_headerForwarding(OkHttpTransportLayerPropertyTest.java:110)
	at java.base/java.lang.reflect.Method.invoke(Method.java:580)
	at net.jqwik.engine.execution.CheckedPropertyFactory.lambda$createRawFunction$1(CheckedPropertyFactory.java:84)
	at net.jqwik.engine.execution.CheckedPropertyFactory.lambda$createRawFunction$2(CheckedPropertyFactory.java:91)
	at net.jqwik.engine.properties.CheckedFunction.execute(CheckedFunction.java:17)
	at net.jqwik.api.lifecycle.AroundTryHook.lambda$static$0(AroundTryHook.java:57)
	at net.jqwik.engine.execution.lifecycle.HookSupport.lambda$wrap$2(HookSupport.java:48)
	at net.jqwik.engine.hooks.lifecycle.TryLifecycleMethodsHook.aroundTry(TryLifecycleMethodsHook.java:56)
	at net.jqwik.engine.execution.lifecycle.HookSupport.lambda$wrap$3(HookSupport.java:53)
	at net.jqwik.engine.execution.lifecycle.HookSupport.lambda$wrap$2(HookSupport.java:48)
	at net.jqwik.engine.hooks.lifecycle.BeforeTryMembersHook.aroundTry(BeforeTryMembersHook.java:69)
	at net.jqwik.engine.execution.lifecycle.HookSupport.lambda$wrap$3(HookSupport.java:53)
	at net.jqwik.engine.execution.CheckedPropertyFactory.lambda$createTryExecutor$0(CheckedPropertyFactory.java:60)
	at net.jqwik.engine.execution.lifecycle.AroundTryLifecycle.execute(AroundTryLifecycle.java:23)
	at net.jqwik.engine.properties.GenericProperty.testPredicate(GenericProperty.java:166)
	at net.jqwik.engine.properties.GenericProperty.check(GenericProperty.java:68)
	at net.jqwik.engine.execution.CheckedProperty.check(CheckedProperty.java:67)
	at net.jqwik.engine.execution.PropertyMethodExecutor.executeProperty(PropertyMethodExecutor.java:90)
	at net.jqwik.engine.execution.PropertyMethodExecutor.executeMethod(PropertyMethodExecutor.java:69)
	at net.jqwik.engine.execution.PropertyMethodExecutor.lambda$execute$0(PropertyMethodExecutor.java:49)
	at net.jqwik.api.lifecycle.AroundPropertyHook.lambda$static$0(AroundPropertyHook.java:46)
	at net.jqwik.engine.execution.lifecycle.HookSupport.lambda$wrap$0(HookSupport.java:26)
	at net.jqwik.api.lifecycle.PropertyExecutor.executeAndFinally(PropertyExecutor.java:39)
	at net.jqwik.engine.hooks.lifecycle.PropertyLifecycleMethodsHook.aroundProperty(PropertyLifecycleMethodsHook.java:56)
	at net.jqwik.engine.execution.lifecycle.HookSupport.lambda$wrap$1(HookSupport.java:31)
	at net.jqwik.engine.execution.lifecycle.HookSupport.lambda$wrap$0(HookSupport.java:26)
	at net.jqwik.engine.hooks.statistics.StatisticsHook.aroundProperty(StatisticsHook.java:37)
	at net.jqwik.engine.execution.lifecycle.HookSupport.lambda$wrap$1(HookSupport.java:31)
	at net.jqwik.engine.execution.lifecycle.HookSupport.lambda$wrap$0(HookSupport.java:26)
	at net.jqwik.engine.hooks.lifecycle.AutoCloseableHook.aroundProperty(AutoCloseableHook.java:13)
	at net.jqwik.engine.execution.lifecycle.HookSupport.lambda$wrap$1(HookSupport.java:31)
	at net.jqwik.engine.execution.PropertyMethodExecutor.execute(PropertyMethodExecutor.java:47)
	at net.jqwik.engine.execution.PropertyTaskCreator.executeTestMethod(PropertyTaskCreator.java:166)
	at net.jqwik.engine.execution.PropertyTaskCreator.lambda$createTask$1(PropertyTaskCreator.java:51)
	at net.jqwik.engine.execution.lifecycle.CurrentDomainContext.runWithContext(CurrentDomainContext.java:28)
	at net.jqwik.engine.execution.PropertyTaskCreator.lambda$createTask$2(PropertyTaskCreator.java:50)
	at net.jqwik.engine.execution.pipeline.ExecutionTask$1.lambda$execute$0(ExecutionTask.java:31)
	at net.jqwik.engine.execution.lifecycle.CurrentTestDescriptor.runWithDescriptor(CurrentTestDescriptor.java:17)
	at net.jqwik.engine.execution.pipeline.ExecutionTask$1.execute(ExecutionTask.java:31)
	at net.jqwik.engine.execution.pipeline.ExecutionPipeline.runToTermination(ExecutionPipeline.java:82)
	at net.jqwik.engine.execution.JqwikExecutor.execute(JqwikExecutor.java:46)
	at net.jqwik.engine.JqwikTestEngine.executeTests(JqwikTestEngine.java:70)
	at net.jqwik.engine.JqwikTestEngine.execute(JqwikTestEngine.java:53)
]]></failure>
    <system-out><![CDATA[21:53:18.549 [main] DEBUG c.l.transport.OkHttpTransportLayer - Dispatching request step 'prop-header': GET http://localhost:54999/h
21:53:18.552 [main] DEBUG c.l.transport.OkHttpTransportLayer - Failed request step 'prop-header': timeout
21:53:18.567 [ForkJoinPool.commonPool-worker-1] DEBUG c.l.transport.OkHttpTransportLayer - Dispatching request step 'prop-header': GET http://localhost:55001/h
21:53:18.570 [ForkJoinPool.commonPool-worker-1] DEBUG c.l.transport.OkHttpTransportLayer - Completed request step 'prop-header': status 200, latency 2298220ns
21:53:18.574 [ForkJoinPool.commonPool-worker-1] DEBUG c.l.transport.OkHttpTransportLayer - Dispatching request step 'prop-header': GET http://localhost:55003/h
21:53:18.576 [ForkJoinPool.commonPool-worker-1] DEBUG c.l.transport.OkHttpTransportLayer - Completed request step 'prop-header': status 200, latency 2394482ns
21:53:18.579 [ForkJoinPool.commonPool-worker-1] DEBUG c.l.transport.OkHttpTransportLayer - Dispatching request step 'prop-header': GET http://localhost:55005/h
21:53:18.582 [ForkJoinPool.commonPool-worker-1] DEBUG c.l.transport.OkHttpTransportLayer - Completed request step 'prop-header': status 200, latency 3481551ns
21:53:18.588 [ForkJoinPool.commonPool-worker-1] DEBUG c.l.transport.OkHttpTransportLayer - Dispatching request step 'prop-header': GET http://localhost:55007/h
21:53:18.592 [ForkJoinPool.commonPool-worker-1] DEBUG c.l.transport.OkHttpTransportLayer - Failed request step 'prop-header': Read timed out
21:53:18.596 [ForkJoinPool.commonPool-worker-1] DEBUG c.l.transport.OkHttpTransportLayer - Dispatching request step 'prop-header': GET http://localhost:55009/h
21:53:18.600 [ForkJoinPool.commonPool-worker-1] DEBUG c.l.transport.OkHttpTransportLayer - Failed request step 'prop-header': timeout
21:53:18.606 [ForkJoinPool.commonPool-worker-1] DEBUG c.l.transport.OkHttpTransportLayer - Dispatching request step 'prop-header': GET http://localhost:55011/h
21:53:18.609 [ForkJoinPool.commonPool-worker-1] DEBUG c.l.transport.OkHttpTransportLayer - Failed request step 'prop-header': timeout
21:53:18.615 [ForkJoinPool.commonPool-worker-1] DEBUG c.l.transport.OkHttpTransportLayer - Dispatching request step 'prop-header': GET http://localhost:55013/h
21:53:18.619 [ForkJoinPool.commonPool-worker-1] DEBUG c.l.transport.OkHttpTransportLayer - Failed request step 'prop-header': timeout
21:53:18.625 [ForkJoinPool.commonPool-worker-1] DEBUG c.l.transport.OkHttpTransportLayer - Dispatching request step 'prop-header': GET http://localhost:55015/h
21:53:18.630 [ForkJoinPool.commonPool-worker-1] DEBUG c.l.transport.OkHttpTransportLayer - Completed request step 'prop-header': status 200, latency 4230945ns
21:53:18.637 [ForkJoinPool.commonPool-worker-1] DEBUG c.l.transport.OkHttpTransportLayer - Dispatching request step 'prop-header': GET http://localhost:55017/h
21:53:18.641 [ForkJoinPool.commonPool-worker-1] DEBUG c.l.transport.OkHttpTransportLayer - Completed request step 'prop-header': status 200, latency 3692717ns
timestamp = 2026-05-11T21:53:18.693103, OkHttpTransportLayerPropertyTest:property headerForwarding = 
  org.opentest4j.AssertionFailedError:
    expected: <A> but was: <B>

                              |-----------------------jqwik-----------------------
tries = 1                     | # of calls to property
checks = 1                    | # of not rejected calls
generation = RANDOMIZED       | parameters are randomly generated
after-failure = SAMPLE_FIRST  | try previously failed sample, then previous seed
when-fixed-seed = ALLOW       | fixing the random seed is allowed
edge-cases#mode = MIXIN       | edge cases are mixed in
edge-cases#total = 17         | # of all combined edge cases
edge-cases#tried = 6          | # of edge cases tried in current run
seed = -8456433980578110436   | random seed to reproduce generated values

Sample
------
  arg0: {"a"="A", "A"="B"}


]]></system-out>
    <system-err><![CDATA[May 11, 2026 9:53:17 PM net.jqwik.engine.execution.AfterFailureParametersGenerator logAfterFailureHandling
INFO: After Failure Handling: SAMPLE_FIRST, Previous Generation: <GenerationInfo(-8456433980578110436, 17, [size=183])>
]]></system-err>
  </testcase>
  <testcase name="property latencyNonNegative" classname="com.latencylab.transport.OkHttpTransportLayerPropertyTest" time="0.023">
    <system-out><![CDATA[21:53:18.722 [main] DEBUG c.l.transport.OkHttpTransportLayer - Dispatching request step 'prop-latency': GET http://nonexistent/l
21:53:18.726 [main] DEBUG c.l.transport.OkHttpTransportLayer - Failed request step 'prop-latency': nonexistent: nodename nor servname provided, or not known
21:53:18.728 [main] DEBUG c.l.transport.OkHttpTransportLayer - Dispatching request step 'prop-latency': GET http://localhost:55019/l
21:53:18.731 [main] DEBUG c.l.transport.OkHttpTransportLayer - Completed request step 'prop-latency': status 200, latency 2749644ns
timestamp = 2026-05-11T21:53:18.733745, OkHttpTransportLayerPropertyTest:property latencyNonNegative = 
                              |-----------------------jqwik-----------------------
tries = 2                     | # of calls to property
checks = 2                    | # of not rejected calls
generation = EXHAUSTIVE       | parameters are exhaustively generated
after-failure = SAMPLE_FIRST  | try previously failed sample, then previous seed
when-fixed-seed = ALLOW       | fixing the random seed is allowed
edge-cases#mode = MIXIN       | edge cases are mixed in
edge-cases#total = 0          | # of all combined edge cases
edge-cases#tried = 0          | # of edge cases tried in current run
seed = 2939264092229894426    | random seed to reproduce generated values


]]></system-out>
  </testcase>
  <testcase name="property responseFieldPreservation" classname="com.latencylab.transport.OkHttpTransportLayerPropertyTest" time="0.066">
    <failure message="Non-empty body should produce a non-null responseBody ==&gt; expected: not &lt;null&gt;" type="org.opentest4j.AssertionFailedError"><![CDATA[org.opentest4j.AssertionFailedError: Non-empty body should produce a non-null responseBody ==> expected: not <null>
	at org.junit.jupiter.api.AssertionFailureBuilder.build(AssertionFailureBuilder.java:152)
	at org.junit.jupiter.api.AssertionFailureBuilder.buildAndThrow(AssertionFailureBuilder.java:132)
	at org.junit.jupiter.api.AssertNotNull.failNull(AssertNotNull.java:49)
	at org.junit.jupiter.api.AssertNotNull.assertNotNull(AssertNotNull.java:35)
	at org.junit.jupiter.api.Assertions.assertNotNull(Assertions.java:312)
	at com.latencylab.transport.OkHttpTransportLayerPropertyTest.property_responseFieldPreservation(OkHttpTransportLayerPropertyTest.java:137)
	at java.base/java.lang.reflect.Method.invoke(Method.java:580)
	at net.jqwik.engine.execution.CheckedPropertyFactory.lambda$createRawFunction$1(CheckedPropertyFactory.java:84)
	at net.jqwik.engine.execution.CheckedPropertyFactory.lambda$createRawFunction$2(CheckedPropertyFactory.java:91)
	at net.jqwik.engine.properties.CheckedFunction.execute(CheckedFunction.java:17)
	at net.jqwik.api.lifecycle.AroundTryHook.lambda$static$0(AroundTryHook.java:57)
	at net.jqwik.engine.execution.lifecycle.HookSupport.lambda$wrap$2(HookSupport.java:48)
	at net.jqwik.engine.hooks.lifecycle.TryLifecycleMethodsHook.aroundTry(TryLifecycleMethodsHook.java:56)
	at net.jqwik.engine.execution.lifecycle.HookSupport.lambda$wrap$3(HookSupport.java:53)
	at net.jqwik.engine.execution.lifecycle.HookSupport.lambda$wrap$2(HookSupport.java:48)
	at net.jqwik.engine.hooks.lifecycle.BeforeTryMembersHook.aroundTry(BeforeTryMembersHook.java:69)
	at net.jqwik.engine.execution.lifecycle.HookSupport.lambda$wrap$3(HookSupport.java:53)
	at net.jqwik.engine.execution.CheckedPropertyFactory.lambda$createTryExecutor$0(CheckedPropertyFactory.java:60)
	at net.jqwik.engine.execution.lifecycle.AroundTryLifecycle.execute(AroundTryLifecycle.java:23)
	at net.jqwik.engine.properties.GenericProperty.testPredicate(GenericProperty.java:166)
	at net.jqwik.engine.properties.GenericProperty.check(GenericProperty.java:68)
	at net.jqwik.engine.execution.CheckedProperty.check(CheckedProperty.java:67)
	at net.jqwik.engine.execution.PropertyMethodExecutor.executeProperty(PropertyMethodExecutor.java:90)
	at net.jqwik.engine.execution.PropertyMethodExecutor.executeMethod(PropertyMethodExecutor.java:69)
	at net.jqwik.engine.execution.PropertyMethodExecutor.lambda$execute$0(PropertyMethodExecutor.java:49)
	at net.jqwik.api.lifecycle.AroundPropertyHook.lambda$static$0(AroundPropertyHook.java:46)
	at net.jqwik.engine.execution.lifecycle.HookSupport.lambda$wrap$0(HookSupport.java:26)
	at net.jqwik.api.lifecycle.PropertyExecutor.executeAndFinally(PropertyExecutor.java:39)
	at net.jqwik.engine.hooks.lifecycle.PropertyLifecycleMethodsHook.aroundProperty(PropertyLifecycleMethodsHook.java:56)
	at net.jqwik.engine.execution.lifecycle.HookSupport.lambda$wrap$1(HookSupport.java:31)
	at net.jqwik.engine.execution.lifecycle.HookSupport.lambda$wrap$0(HookSupport.java:26)
	at net.jqwik.engine.hooks.statistics.StatisticsHook.aroundProperty(StatisticsHook.java:37)
	at net.jqwik.engine.execution.lifecycle.HookSupport.lambda$wrap$1(HookSupport.java:31)
	at net.jqwik.engine.execution.lifecycle.HookSupport.lambda$wrap$0(HookSupport.java:26)
	at net.jqwik.engine.hooks.lifecycle.AutoCloseableHook.aroundProperty(AutoCloseableHook.java:13)
	at net.jqwik.engine.execution.lifecycle.HookSupport.lambda$wrap$1(HookSupport.java:31)
	at net.jqwik.engine.execution.PropertyMethodExecutor.execute(PropertyMethodExecutor.java:47)
	at net.jqwik.engine.execution.PropertyTaskCreator.executeTestMethod(PropertyTaskCreator.java:166)
	at net.jqwik.engine.execution.PropertyTaskCreator.lambda$createTask$1(PropertyTaskCreator.java:51)
	at net.jqwik.engine.execution.lifecycle.CurrentDomainContext.runWithContext(CurrentDomainContext.java:28)
	at net.jqwik.engine.execution.PropertyTaskCreator.lambda$createTask$2(PropertyTaskCreator.java:50)
	at net.jqwik.engine.execution.pipeline.ExecutionTask$1.lambda$execute$0(ExecutionTask.java:31)
	at net.jqwik.engine.execution.lifecycle.CurrentTestDescriptor.runWithDescriptor(CurrentTestDescriptor.java:17)
	at net.jqwik.engine.execution.pipeline.ExecutionTask$1.execute(ExecutionTask.java:31)
	at net.jqwik.engine.execution.pipeline.ExecutionPipeline.runToTermination(ExecutionPipeline.java:82)
	at net.jqwik.engine.execution.JqwikExecutor.execute(JqwikExecutor.java:46)
	at net.jqwik.engine.JqwikTestEngine.executeTests(JqwikTestEngine.java:70)
	at net.jqwik.engine.JqwikTestEngine.execute(JqwikTestEngine.java:53)
]]></failure>
    <system-out><![CDATA[21:53:18.779 [main] DEBUG c.l.transport.OkHttpTransportLayer - Dispatching request step 'prop-resp': GET http://localhost:55021/r
21:53:18.782 [main] DEBUG c.l.transport.OkHttpTransportLayer - Failed request step 'prop-resp': timeout
21:53:18.788 [ForkJoinPool.commonPool-worker-1] DEBUG c.l.transport.OkHttpTransportLayer - Dispatching request step 'prop-resp': GET http://localhost:55023/r
21:53:18.790 [ForkJoinPool.commonPool-worker-1] DEBUG c.l.transport.OkHttpTransportLayer - Failed request step 'prop-resp': Read timed out
timestamp = 2026-05-11T21:53:18.798787, OkHttpTransportLayerPropertyTest:property responseFieldPreservation = 
  org.opentest4j.AssertionFailedError:
    Non-empty body should produce a non-null responseBody ==> expected: not <null>

                              |-----------------------jqwik-----------------------
tries = 1                     | # of calls to property
checks = 1                    | # of not rejected calls
generation = RANDOMIZED       | parameters are randomly generated
after-failure = SAMPLE_FIRST  | try previously failed sample, then previous seed
when-fixed-seed = ALLOW       | fixing the random seed is allowed
edge-cases#mode = MIXIN       | edge cases are mixed in
edge-cases#total = 12         | # of all combined edge cases
edge-cases#tried = 0          | # of edge cases tried in current run
seed = 5071578558385308822    | random seed to reproduce generated values

Sample
------
  arg0: 200
  arg1: "a"


]]></system-out>
    <system-err><![CDATA[May 11, 2026 9:53:18 PM net.jqwik.engine.execution.AfterFailureParametersGenerator logAfterFailureHandling
INFO: After Failure Handling: SAMPLE_FIRST, Previous Generation: <GenerationInfo(5071578558385308822, 1, [size=6])>
]]></system-err>
  </testcase>
</testsuite>